<?xml version="1.0" encoding="UTF-8"?>
<testsuite xmlns:xsi="http://www.w3.org/2001/XMLSchema-instance" xsi:noNamespaceSchemaLocation="https://maven.apache.org/surefire/maven-surefire-plugin/xsd/surefire-test-report-3.0.xsd" version="3.0" name="com.littletrip.api.service.TapServiceTest" time="0.082" tests="9" errors="0" skipped="0" failures="0">
  <properties>
[...]
</properties>
  <testcase name="getTotalTapEvents_callsRepository" classname="com.littletrip.api.service.TapServiceTest" time="0.069">
    <system-out><![CDATA[13:45:01.807 [main] INFO com.littletrip.api.service.TapService -- Counting all tap events
]]></system-out>
  </testcase>
  <testcase name="getTapEvents_paginationAppliesCorrectly" classname="com.littletrip.api.service.TapServiceTest" time="0.001">
    <system-out><![CDATA[13:45:01.808 [main] INFO com.littletrip.api.service.TapService -- Received request to list tap events, cardToken: card-123, operatorId: d56500f7-f724-46da-9d19-0045d7ad7633, deviceId: null, page: 0, size: 2
]]></system-out>
  </testcase>
  <testcase name="getTapEvents_byCardToken_returnsPaginatedResults" classname="com.littletrip.api.service.TapServiceTest" time="0.001">
    <system-out><![CDATA[13:45:01.810 [main] INFO com.littletrip.api.service.TapService -- Received request to list tap events, cardToken: card-123, operatorId: f05335cd-987a-4b37-bcfc-b58fed1e80de, deviceId: null, page: 0, size: 10
]]></system-out>
  </testcase>
  <testcase name="processTap_success_createsJourneyAndReturnsResponse" classname="com.littletrip.api.service.TapServiceTest" time="0.002">
    <system-out><![CDATA[13:45:01.811 [main] INFO com.littletrip.api.service.TapService -- Processing tap event, id: c5097976-77c9-4c47-94da-18bde73c61d5, deviceId: ae4997f3-5fd8-4171-a9b5-fccdad5b5009, stopId: dfc7d2e7-64a2-4f69-9ff9-24abb7c367d6, tapType: ON
13:45:01.812 [main] INFO com.littletrip.api.service.TapService -- Tap event processed, journeyId: b6095144-af8e-4185-837e-048dc99cfcec, status: IN_PROGRESS, charge: 0
]]></system-out>
  </testcase>
  <testcase name="processTap_deviceNotFound_throwsInvalidDeviceException" classname="com.littletrip.api.service.TapServiceTest" time="0.002">
    <system-out><![CDATA[13:45:01.813 [main] INFO com.littletrip.api.service.TapService -- Processing tap event, id: 5108b016-3fbb-4eec-a638-6b3be04d4eda, deviceId: 59cf99cd-7754-447a-900f-d63debceebf7, stopId: af7e5752-c2ff-42b4-ae72-9e24602a6c05, tapType: ON
]]></system-out>
  </testcase>
  <testcase name="processTap_duplicateEvent_throwsDuplicateEventException" classname="com.littletrip.api.service.TapServiceTest" time="0.001">
    <system-out><![CDATA[13:45:01.815 [main] INFO com.littletrip.api.service.TapService -- Processing tap event, id: cf72a149-1499-4ba6-8c67-5ac2cc6e4956, deviceId: 65aeeca6-d6f2-4ddb-93cc-45efee0cad8f, stopId: 1ebec35a-5c87-4181-b3ff-d9fc3a5982af, tapType: ON
13:45:01.815 [main] WARN com.littletrip.api.service.TapService -- Duplicate tap event detected, id: cf72a149-1499-4ba6-8c67-5ac2cc6e4956
]]></system-out>
  </testcase>
  <testcase name="getTapEvents_allFilters_returnsFilteredResults" classname="com.littletrip.api.service.TapServiceTest" time="0.001">
    <system-out><![CDATA[13:45:01.816 [main] INFO com.littletrip.api.service.TapService -- Received request to list tap events, cardToken: card-123, operatorId: 5ccecfed-d5a6-4e56-899d-30fd3cf97c4a, deviceId: 0a8efb34-998d-4303-ba54-7b4e524fc99d, page: 0, size: 10
]]></system-out>
  </testcase>
  <testcase name="getTotalTapEventsByOperator_callsRepository" classname="com.littletrip.api.service.TapServiceTest" time="0.001">
    <system-out><![CDATA[13:45:01.818 [main] INFO com.littletrip.api.service.TapService -- Counting tap events for operator: 07f84f39-328f-4661-aacd-385a8e2e4fc3
]]></system-out>
  </testcase>
  <testcase name="processTap_deviceNotAuthorized_throwsInvalidDeviceException" classname="com.littletrip.api.service.TapServiceTest" time="0.001">
    <system-out><![CDATA[13:45:01.819 [main] INFO com.littletrip.api.service.TapService -- Processing tap event, id: 815fa611-a53d-45f2-aa7f-5da08adabc38, deviceId: bd74438c-1a44-4c8e-a96c-bc8992b0058f, stopId: 14f7c723-0be2-418e-bb5a-787ca381655a, tapType: ON
13:45:01.819 [main] WARN com.littletrip.api.service.TapService -- Device Test Device not authorized for API key e1a1626d-c62b-44e2-8e36-a176f7c946f2
]]></system-out>
  </testcase>
</testsuite>